<?xml version="1.0" encoding="UTF-8"?>
<!-- Generated by org.testng.reporters.JUnitReportReporter -->
<testsuite hostname="CSCO-W-PF2S3M7G" failures="0" tests="1" name="com.swiggy.testscripts.TestRunner" time="23.951" errors="0" timestamp="2021-12-02T13:28:46 IST" skipped="0">
  <testcase classname="com.swiggy.testscripts.TestRunner" name="runScenario" time="23.951"/>
  <system-out/>
</testsuite> <!-- com.swiggy.testscripts.TestRunner -->
